<?xml version="1.0" encoding="UTF-8"?>
<!-- Generated by org.testng.reporters.JUnitReportReporter -->
<testsuite hostname="DESKTOP-G318PPP" failures="0" tests="1" name="runnerFIle.RunnerFiles" time="19.962" errors="0" timestamp="2022-10-20T17:20:39 WIB" skipped="0">
  <testcase classname="runnerFIle.RunnerFiles" name="runScenario" time="19.962"/>
  <system-out/>
</testsuite> <!-- runnerFIle.RunnerFiles -->
